d:\code\git\diff-ext-win\setup\x64\debug\vc141.pdb
d:\code\git\diff-ext-win\setup\x64\debug\vc141.idb
d:\code\git\diff-ext-win\setup\x64\debug\main.obj
d:\code\git\diff-ext-win\setup\x64\debug\about.obj
d:\code\git\diff-ext-win\x64\debug\diff-ext-setup.ilk
d:\code\git\diff-ext-win\x64\debug\diff-ext-setup.exe
d:\code\git\diff-ext-win\setup\x64\debug\diff-ext-setup.exe.intermediate.manifest
d:\code\git\diff-ext-win\x64\debug\diff-ext-setup.pdb
d:\code\git\diff-ext-win\x64\debug\diff-ext-setup.exe.manifest
d:\code\git\diff-ext-win\setup\x64\debug\diff_ext_setup.res
d:\code\git\diff-ext-win\setup\x64\debug\setup.tlog\cl.command.1.tlog
d:\code\git\diff-ext-win\setup\x64\debug\setup.tlog\cl.read.1.tlog
d:\code\git\diff-ext-win\setup\x64\debug\setup.tlog\cl.write.1.tlog
d:\code\git\diff-ext-win\setup\x64\debug\setup.tlog\link.command.1.tlog
d:\code\git\diff-ext-win\setup\x64\debug\setup.tlog\link.read.1.tlog
d:\code\git\diff-ext-win\setup\x64\debug\setup.tlog\link.write.1.tlog
d:\code\git\diff-ext-win\setup\x64\debug\setup.tlog\mt.command.1.tlog
d:\code\git\diff-ext-win\setup\x64\debug\setup.tlog\mt.read.1.tlog
d:\code\git\diff-ext-win\setup\x64\debug\setup.tlog\mt.write.1.tlog
d:\code\git\diff-ext-win\setup\x64\debug\setup.tlog\rc.command.1.tlog
d:\code\git\diff-ext-win\setup\x64\debug\setup.tlog\rc.read.1.tlog
d:\code\git\diff-ext-win\setup\x64\debug\setup.tlog\rc.write.1.tlog
