d:\code\git\diff-ext-win\diff-ext\x64\debug\vc141.pdb
d:\code\git\diff-ext-win\diff-ext\x64\debug\vc141.idb
d:\code\git\diff-ext-win\diff-ext\x64\debug\server.obj
d:\code\git\diff-ext-win\diff-ext\x64\debug\icon_factory.obj
d:\code\git\diff-ext-win\diff-ext\x64\debug\diff_ext.obj
d:\code\git\diff-ext-win\diff-ext\x64\debug\class_factory.obj
d:\code\git\diff-ext-win\x64\debug\diff-ext.lib
d:\code\git\diff-ext-win\x64\debug\diff-ext.exp
d:\code\git\diff-ext-win\x64\debug\diff-ext.ilk
d:\code\git\diff-ext-win\x64\debug\diff-ext.dll
d:\code\git\diff-ext-win\x64\debug\diff-ext.pdb
d:\code\git\diff-ext-win\diff-ext\x64\debug\resource.res
d:\code\git\diff-ext-win\diff-ext\x64\debug\diff-ext.tlog\cl.command.1.tlog
d:\code\git\diff-ext-win\diff-ext\x64\debug\diff-ext.tlog\cl.read.1.tlog
d:\code\git\diff-ext-win\diff-ext\x64\debug\diff-ext.tlog\cl.write.1.tlog
d:\code\git\diff-ext-win\diff-ext\x64\debug\diff-ext.tlog\diff-ext.write.1u.tlog
d:\code\git\diff-ext-win\diff-ext\x64\debug\diff-ext.tlog\link.command.1.tlog
d:\code\git\diff-ext-win\diff-ext\x64\debug\diff-ext.tlog\link.read.1.tlog
d:\code\git\diff-ext-win\diff-ext\x64\debug\diff-ext.tlog\link.write.1.tlog
d:\code\git\diff-ext-win\diff-ext\x64\debug\diff-ext.tlog\rc.command.1.tlog
d:\code\git\diff-ext-win\diff-ext\x64\debug\diff-ext.tlog\rc.read.1.tlog
d:\code\git\diff-ext-win\diff-ext\x64\debug\diff-ext.tlog\rc.write.1.tlog
